<?xml version="1.0" encoding="UTF-8"?>
<!-- Generated by org.testng.reporters.JUnitReportReporter -->
<testsuite hostname="DESKTOP-RL948I0" name="testElephant.TC_Elephant" tests="1" failures="0" timestamp="8 Nov 2020 18:32:17 GMT" time="51.752" errors="0">
  <testcase name="TC006" time="51.752" classname="testElephant.TC_Elephant"/>
</testsuite> <!-- testElephant.TC_Elephant -->
